<?xml version="1.0" encoding="UTF-8"?>
<!-- Generated by org.testng.reporters.JUnitReportReporter -->
<testsuite hostname="Z51" failures="1" tests="1" name="Runner.FailedRun" time="7.318" errors="0" timestamp="2021-11-08T12:27:48 IST" skipped="0">
  <testcase classname="Runner.FailedRun" name="runScenario" time="7.318">
    <failure message="User has  registered" type="java.lang.AssertionError">
      <![CDATA[java.lang.AssertionError: User has  registered
at org.testng.Assert.fail(Assert.java:99)
at stepdefinitions.register.user_should_get_successfully_registered(register.java:71)
at ✽.User should get successfully registered(file:///C:/Users/dharshini.4312/git/repository3/AzentioAutomationFramework/AzentioAutomationFramework/src/test/java/features/RegisterAsNewMember.feature:15)
]]>
    </failure>
  </testcase> <!-- runScenario -->
  <system-out/>
</testsuite> <!-- Runner.FailedRun -->
