<?xml version="1.0" encoding="UTF-8"?>
<!-- Generated by org.testng.reporters.JUnitXMLReporter -->
<testsuite ignored="0" hostname="Z51" failures="1" tests="2" name="Login" time="26.614" errors="0" timestamp="2021-10-29T12:49:47 IST">
  <testcase classname="io.cucumber.testng.AbstractTestNGCucumberTests" name="runScenario" time="16.268"/>
  <testcase classname="io.cucumber.testng.AbstractTestNGCucumberTests" name="runScenario" time="8.868">
    <failure type="java.lang.AssertionError" message="User has not registered">
      <![CDATA[java.lang.AssertionError: User has not registered
at stepdefinitions.register.user_should_get_successfully_registered(register.java:88)
at ✽.User should get successfully registered(file:///C:/Users/dharshini.4312/git/repository3/AzentioAutomationFramework/AzentioAutomationFramework/src/test/java/features/RegisterAsNewMember.feature:14)
... Removed 1 stack frames]]>
    </failure>
  </testcase> <!-- runScenario -->
</testsuite> <!-- Login -->
